[2024-06-10 00:42:25] production.ERROR: file_get_contents(E:\MEGA\Personal\Documentos\Material para Clases\Ejemplos para GitHub\PHPBachillerato\Laravel\EjemploAPILaravel\v11\.env): Failed to open stream: No such file or directory {"exception":"[object] (ErrorException(code: 0): file_get_contents(E:\\MEGA\\Personal\\Documentos\\Material para Clases\\Ejemplos para GitHub\\PHPBachillerato\\Laravel\\EjemploAPILaravel\\v11\\.env): Failed to open stream: No such file or directory at E:\\MEGA\\Personal\\Documentos\\Material para Clases\\Ejemplos para GitHub\\PHPBachillerato\\Laravel\\EjemploAPILaravel\\v11\\vendor\\laravel\\framework\\src\\Illuminate\\Foundation\\Console\\KeyGenerateCommand.php:100)
[stacktrace]
#0 E:\\MEGA\\Personal\\Documentos\\Material para Clases\\Ejemplos para GitHub\\PHPBachillerato\\Laravel\\EjemploAPILaravel\\v11\\vendor\\laravel\\framework\\src\\Illuminate\\Foundation\\Bootstrap\\HandleExceptions.php(256): Illuminate\\Foundation\\Bootstrap\\HandleExceptions->handleError(2, 'file_get_conten...', 'E:\\\\MEGA\\\\Persona...', 100)
#1 [internal function]: Illuminate\\Foundation\\Bootstrap\\HandleExceptions->Illuminate\\Foundation\\Bootstrap\\{closure}(2, 'file_get_conten...', 'E:\\\\MEGA\\\\Persona...', 100)
#2 E:\\MEGA\\Personal\\Documentos\\Material para Clases\\Ejemplos para GitHub\\PHPBachillerato\\Laravel\\EjemploAPILaravel\\v11\\vendor\\laravel\\framework\\src\\Illuminate\\Foundation\\Console\\KeyGenerateCommand.php(100): file_get_contents('E:\\\\MEGA\\\\Persona...')
#3 E:\\MEGA\\Personal\\Documentos\\Material para Clases\\Ejemplos para GitHub\\PHPBachillerato\\Laravel\\EjemploAPILaravel\\v11\\vendor\\laravel\\framework\\src\\Illuminate\\Foundation\\Console\\KeyGenerateCommand.php(82): Illuminate\\Foundation\\Console\\KeyGenerateCommand->writeNewEnvironmentFileWith('base64:ST65te0E...')
#4 E:\\MEGA\\Personal\\Documentos\\Material para Clases\\Ejemplos para GitHub\\PHPBachillerato\\Laravel\\EjemploAPILaravel\\v11\\vendor\\laravel\\framework\\src\\Illuminate\\Foundation\\Console\\KeyGenerateCommand.php(47): Illuminate\\Foundation\\Console\\KeyGenerateCommand->setKeyInEnvironmentFile('base64:ST65te0E...')
#5 E:\\MEGA\\Personal\\Documentos\\Material para Clases\\Ejemplos para GitHub\\PHPBachillerato\\Laravel\\EjemploAPILaravel\\v11\\vendor\\laravel\\framework\\src\\Illuminate\\Container\\BoundMethod.php(36): Illuminate\\Foundation\\Console\\KeyGenerateCommand->handle()
#6 E:\\MEGA\\Personal\\Documentos\\Material para Clases\\Ejemplos para GitHub\\PHPBachillerato\\Laravel\\EjemploAPILaravel\\v11\\vendor\\laravel\\framework\\src\\Illuminate\\Container\\Util.php(41): Illuminate\\Container\\BoundMethod::Illuminate\\Container\\{closure}()
#7 E:\\MEGA\\Personal\\Documentos\\Material para Clases\\Ejemplos para GitHub\\PHPBachillerato\\Laravel\\EjemploAPILaravel\\v11\\vendor\\laravel\\framework\\src\\Illuminate\\Container\\BoundMethod.php(93): Illuminate\\Container\\Util::unwrapIfClosure(Object(Closure))
#8 E:\\MEGA\\Personal\\Documentos\\Material para Clases\\Ejemplos para GitHub\\PHPBachillerato\\Laravel\\EjemploAPILaravel\\v11\\vendor\\laravel\\framework\\src\\Illuminate\\Container\\BoundMethod.php(35): Illuminate\\Container\\BoundMethod::callBoundMethod(Object(Illuminate\\Foundation\\Application), Array, Object(Closure))
#9 E:\\MEGA\\Personal\\Documentos\\Material para Clases\\Ejemplos para GitHub\\PHPBachillerato\\Laravel\\EjemploAPILaravel\\v11\\vendor\\laravel\\framework\\src\\Illuminate\\Container\\Container.php(662): Illuminate\\Container\\BoundMethod::call(Object(Illuminate\\Foundation\\Application), Array, Array, NULL)
#10 E:\\MEGA\\Personal\\Documentos\\Material para Clases\\Ejemplos para GitHub\\PHPBachillerato\\Laravel\\EjemploAPILaravel\\v11\\vendor\\laravel\\framework\\src\\Illuminate\\Console\\Command.php(212): Illuminate\\Container\\Container->call(Array)
#11 E:\\MEGA\\Personal\\Documentos\\Material para Clases\\Ejemplos para GitHub\\PHPBachillerato\\Laravel\\EjemploAPILaravel\\v11\\vendor\\symfony\\console\\Command\\Command.php(279): Illuminate\\Console\\Command->execute(Object(Symfony\\Component\\Console\\Input\\ArgvInput), Object(Illuminate\\Console\\OutputStyle))
#12 E:\\MEGA\\Personal\\Documentos\\Material para Clases\\Ejemplos para GitHub\\PHPBachillerato\\Laravel\\EjemploAPILaravel\\v11\\vendor\\laravel\\framework\\src\\Illuminate\\Console\\Command.php(181): Symfony\\Component\\Console\\Command\\Command->run(Object(Symfony\\Component\\Console\\Input\\ArgvInput), Object(Illuminate\\Console\\OutputStyle))
#13 E:\\MEGA\\Personal\\Documentos\\Material para Clases\\Ejemplos para GitHub\\PHPBachillerato\\Laravel\\EjemploAPILaravel\\v11\\vendor\\symfony\\console\\Application.php(1049): Illuminate\\Console\\Command->run(Object(Symfony\\Component\\Console\\Input\\ArgvInput), Object(Symfony\\Component\\Console\\Output\\ConsoleOutput))
#14 E:\\MEGA\\Personal\\Documentos\\Material para Clases\\Ejemplos para GitHub\\PHPBachillerato\\Laravel\\EjemploAPILaravel\\v11\\vendor\\symfony\\console\\Application.php(318): Symfony\\Component\\Console\\Application->doRunCommand(Object(Illuminate\\Foundation\\Console\\KeyGenerateCommand), Object(Symfony\\Component\\Console\\Input\\ArgvInput), Object(Symfony\\Component\\Console\\Output\\ConsoleOutput))
#15 E:\\MEGA\\Personal\\Documentos\\Material para Clases\\Ejemplos para GitHub\\PHPBachillerato\\Laravel\\EjemploAPILaravel\\v11\\vendor\\symfony\\console\\Application.php(169): Symfony\\Component\\Console\\Application->doRun(Object(Symfony\\Component\\Console\\Input\\ArgvInput), Object(Symfony\\Component\\Console\\Output\\ConsoleOutput))
#16 E:\\MEGA\\Personal\\Documentos\\Material para Clases\\Ejemplos para GitHub\\PHPBachillerato\\Laravel\\EjemploAPILaravel\\v11\\vendor\\laravel\\framework\\src\\Illuminate\\Foundation\\Console\\Kernel.php(196): Symfony\\Component\\Console\\Application->run(Object(Symfony\\Component\\Console\\Input\\ArgvInput), Object(Symfony\\Component\\Console\\Output\\ConsoleOutput))
#17 E:\\MEGA\\Personal\\Documentos\\Material para Clases\\Ejemplos para GitHub\\PHPBachillerato\\Laravel\\EjemploAPILaravel\\v11\\vendor\\laravel\\framework\\src\\Illuminate\\Foundation\\Application.php(1183): Illuminate\\Foundation\\Console\\Kernel->handle(Object(Symfony\\Component\\Console\\Input\\ArgvInput), Object(Symfony\\Component\\Console\\Output\\ConsoleOutput))
#18 E:\\MEGA\\Personal\\Documentos\\Material para Clases\\Ejemplos para GitHub\\PHPBachillerato\\Laravel\\EjemploAPILaravel\\v11\\artisan(13): Illuminate\\Foundation\\Application->handleCommand(Object(Symfony\\Component\\Console\\Input\\ArgvInput))
#19 {main}
"} 
[2024-06-13 13:05:39] local.ERROR: Database file at path [E:\MEGA\Personal\Documentos\Material para Clases\Ejemplos para GitHub\PHPBachillerato\Laravel\EjemploAPILaravel\v11\database\database.sqlite] does not exist. Ensure this is an absolute path to the database. (Connection: sqlite, SQL: select * from "sessions" where "id" = YCuNoCVtE720CBLqlL85uZOSzuWwU4bGVbTkrJt0 limit 1) {"exception":"[object] (Illuminate\\Database\\QueryException(code: 0): Database file at path [E:\\MEGA\\Personal\\Documentos\\Material para Clases\\Ejemplos para GitHub\\PHPBachillerato\\Laravel\\EjemploAPILaravel\\v11\\database\\database.sqlite] does not exist. Ensure this is an absolute path to the database. (Connection: sqlite, SQL: select * from \"sessions\" where \"id\" = YCuNoCVtE720CBLqlL85uZOSzuWwU4bGVbTkrJt0 limit 1) at E:\\MEGA\\Personal\\Documentos\\Material para Clases\\Ejemplos para GitHub\\PHPBachillerato\\Laravel\\EjemploAPILaravel\\v11\\vendor\\laravel\\framework\\src\\Illuminate\\Database\\Connection.php:813)
[stacktrace]
#0 E:\\MEGA\\Personal\\Documentos\\Material para Clases\\Ejemplos para GitHub\\PHPBachillerato\\Laravel\\EjemploAPILaravel\\v11\\vendor\\laravel\\framework\\src\\Illuminate\\Database\\Connection.php(767): Illuminate\\Database\\Connection->runQueryCallback('select * from \"...', Array, Object(Closure))
#1 E:\\MEGA\\Personal\\Documentos\\Material para Clases\\Ejemplos para GitHub\\PHPBachillerato\\Laravel\\EjemploAPILaravel\\v11\\vendor\\laravel\\framework\\src\\Illuminate\\Database\\Connection.php(398): Illuminate\\Database\\Connection->run('select * from \"...', Array, Object(Closure))
#2 E:\\MEGA\\Personal\\Documentos\\Material para Clases\\Ejemplos para GitHub\\PHPBachillerato\\Laravel\\EjemploAPILaravel\\v11\\vendor\\laravel\\framework\\src\\Illuminate\\Database\\Query\\Builder.php(2934): Illuminate\\Database\\Connection->select('select * from \"...', Array, true)
#3 E:\\MEGA\\Personal\\Documentos\\Material para Clases\\Ejemplos para GitHub\\PHPBachillerato\\Laravel\\EjemploAPILaravel\\v11\\vendor\\laravel\\framework\\src\\Illuminate\\Database\\Query\\Builder.php(2919): Illuminate\\Database\\Query\\Builder->runSelect()
#4 E:\\MEGA\\Personal\\Documentos\\Material para Clases\\Ejemplos para GitHub\\PHPBachillerato\\Laravel\\EjemploAPILaravel\\v11\\vendor\\laravel\\framework\\src\\Illuminate\\Database\\Query\\Builder.php(3507): Illuminate\\Database\\Query\\Builder->Illuminate\\Database\\Query\\{closure}()
#5 E:\\MEGA\\Personal\\Documentos\\Material para Clases\\Ejemplos para GitHub\\PHPBachillerato\\Laravel\\EjemploAPILaravel\\v11\\vendor\\laravel\\framework\\src\\Illuminate\\Database\\Query\\Builder.php(2918): Illuminate\\Database\\Query\\Builder->onceWithColumns(Array, Object(Closure))
#6 E:\\MEGA\\Personal\\Documentos\\Material para Clases\\Ejemplos para GitHub\\PHPBachillerato\\Laravel\\EjemploAPILaravel\\v11\\vendor\\laravel\\framework\\src\\Illuminate\\Database\\Concerns\\BuildsQueries.php(335): Illuminate\\Database\\Query\\Builder->get(Array)
#7 E:\\MEGA\\Personal\\Documentos\\Material para Clases\\Ejemplos para GitHub\\PHPBachillerato\\Laravel\\EjemploAPILaravel\\v11\\vendor\\laravel\\framework\\src\\Illuminate\\Database\\Query\\Builder.php(2841): Illuminate\\Database\\Query\\Builder->first(Array)
#8 E:\\MEGA\\Personal\\Documentos\\Material para Clases\\Ejemplos para GitHub\\PHPBachillerato\\Laravel\\EjemploAPILaravel\\v11\\vendor\\laravel\\framework\\src\\Illuminate\\Session\\DatabaseSessionHandler.php(97): Illuminate\\Database\\Query\\Builder->find('YCuNoCVtE720CBL...')
#9 E:\\MEGA\\Personal\\Documentos\\Material para Clases\\Ejemplos para GitHub\\PHPBachillerato\\Laravel\\EjemploAPILaravel\\v11\\vendor\\laravel\\framework\\src\\Illuminate\\Session\\Store.php(113): Illuminate\\Session\\DatabaseSessionHandler->read('YCuNoCVtE720CBL...')
#10 E:\\MEGA\\Personal\\Documentos\\Material para Clases\\Ejemplos para GitHub\\PHPBachillerato\\Laravel\\EjemploAPILaravel\\v11\\vendor\\laravel\\framework\\src\\Illuminate\\Session\\Store.php(101): Illuminate\\Session\\Store->readFromHandler()
#11 E:\\MEGA\\Personal\\Documentos\\Material para Clases\\Ejemplos para GitHub\\PHPBachillerato\\Laravel\\EjemploAPILaravel\\v11\\vendor\\laravel\\framework\\src\\Illuminate\\Session\\Store.php(85): Illuminate\\Session\\Store->loadSession()
#12 E:\\MEGA\\Personal\\Documentos\\Material para Clases\\Ejemplos para GitHub\\PHPBachillerato\\Laravel\\EjemploAPILaravel\\v11\\vendor\\laravel\\framework\\src\\Illuminate\\Session\\Middleware\\StartSession.php(147): Illuminate\\Session\\Store->start()
#13 E:\\MEGA\\Personal\\Documentos\\Material para Clases\\Ejemplos para GitHub\\PHPBachillerato\\Laravel\\EjemploAPILaravel\\v11\\vendor\\laravel\\framework\\src\\Illuminate\\Support\\helpers.php(359): Illuminate\\Session\\Middleware\\StartSession->Illuminate\\Session\\Middleware\\{closure}(Object(Illuminate\\Session\\Store))
#14 E:\\MEGA\\Personal\\Documentos\\Material para Clases\\Ejemplos para GitHub\\PHPBachillerato\\Laravel\\EjemploAPILaravel\\v11\\vendor\\laravel\\framework\\src\\Illuminate\\Session\\Middleware\\StartSession.php(144): tap(Object(Illuminate\\Session\\Store), Object(Closure))
#15 E:\\MEGA\\Personal\\Documentos\\Material para Clases\\Ejemplos para GitHub\\PHPBachillerato\\Laravel\\EjemploAPILaravel\\v11\\vendor\\laravel\\framework\\src\\Illuminate\\Session\\Middleware\\StartSession.php(116): Illuminate\\Session\\Middleware\\StartSession->startSession(Object(Illuminate\\Http\\Request), Object(Illuminate\\Session\\Store))
#16 E:\\MEGA\\Personal\\Documentos\\Material para Clases\\Ejemplos para GitHub\\PHPBachillerato\\Laravel\\EjemploAPILaravel\\v11\\vendor\\laravel\\framework\\src\\Illuminate\\Session\\Middleware\\StartSession.php(64): Illuminate\\Session\\Middleware\\StartSession->handleStatefulRequest(Object(Illuminate\\Http\\Request), Object(Illuminate\\Session\\Store), Object(Closure))
#17 E:\\MEGA\\Personal\\Documentos\\Material para Clases\\Ejemplos para GitHub\\PHPBachillerato\\Laravel\\EjemploAPILaravel\\v11\\vendor\\laravel\\framework\\src\\Illuminate\\Pipeline\\Pipeline.php(183): Illuminate\\Session\\Middleware\\StartSession->handle(Object(Illuminate\\Http\\Request), Object(Closure))
#18 E:\\MEGA\\Personal\\Documentos\\Material para Clases\\Ejemplos para GitHub\\PHPBachillerato\\Laravel\\EjemploAPILaravel\\v11\\vendor\\laravel\\framework\\src\\Illuminate\\Cookie\\Middleware\\AddQueuedCookiesToResponse.php(37): Illuminate\\Pipeline\\Pipeline->Illuminate\\Pipeline\\{closure}(Object(Illuminate\\Http\\Request))
#19 E:\\MEGA\\Personal\\Documentos\\Material para Clases\\Ejemplos para GitHub\\PHPBachillerato\\Laravel\\EjemploAPILaravel\\v11\\vendor\\laravel\\framework\\src\\Illuminate\\Pipeline\\Pipeline.php(183): Illuminate\\Cookie\\Middleware\\AddQueuedCookiesToResponse->handle(Object(Illuminate\\Http\\Request), Object(Closure))
#20 E:\\MEGA\\Personal\\Documentos\\Material para Clases\\Ejemplos para GitHub\\PHPBachillerato\\Laravel\\EjemploAPILaravel\\v11\\vendor\\laravel\\framework\\src\\Illuminate\\Cookie\\Middleware\\EncryptCookies.php(75): Illuminate\\Pipeline\\Pipeline->Illuminate\\Pipeline\\{closure}(Object(Illuminate\\Http\\Request))
#21 E:\\MEGA\\Personal\\Documentos\\Material para Clases\\Ejemplos para GitHub\\PHPBachillerato\\Laravel\\EjemploAPILaravel\\v11\\vendor\\laravel\\framework\\src\\Illuminate\\Pipeline\\Pipeline.php(183): Illuminate\\Cookie\\Middleware\\EncryptCookies->handle(Object(Illuminate\\Http\\Request), Object(Closure))
#22 E:\\MEGA\\Personal\\Documentos\\Material para Clases\\Ejemplos para GitHub\\PHPBachillerato\\Laravel\\EjemploAPILaravel\\v11\\vendor\\laravel\\framework\\src\\Illuminate\\Pipeline\\Pipeline.php(119): Illuminate\\Pipeline\\Pipeline->Illuminate\\Pipeline\\{closure}(Object(Illuminate\\Http\\Request))
#23 E:\\MEGA\\Personal\\Documentos\\Material para Clases\\Ejemplos para GitHub\\PHPBachillerato\\Laravel\\EjemploAPILaravel\\v11\\vendor\\laravel\\framework\\src\\Illuminate\\Routing\\Router.php(805): Illuminate\\Pipeline\\Pipeline->then(Object(Closure))
#24 E:\\MEGA\\Personal\\Documentos\\Material para Clases\\Ejemplos para GitHub\\PHPBachillerato\\Laravel\\EjemploAPILaravel\\v11\\vendor\\laravel\\framework\\src\\Illuminate\\Routing\\Router.php(784): Illuminate\\Routing\\Router->runRouteWithinStack(Object(Illuminate\\Routing\\Route), Object(Illuminate\\Http\\Request))
#25 E:\\MEGA\\Personal\\Documentos\\Material para Clases\\Ejemplos para GitHub\\PHPBachillerato\\Laravel\\EjemploAPILaravel\\v11\\vendor\\laravel\\framework\\src\\Illuminate\\Routing\\Router.php(748): Illuminate\\Routing\\Router->runRoute(Object(Illuminate\\Http\\Request), Object(Illuminate\\Routing\\Route))
#26 E:\\MEGA\\Personal\\Documentos\\Material para Clases\\Ejemplos para GitHub\\PHPBachillerato\\Laravel\\EjemploAPILaravel\\v11\\vendor\\laravel\\framework\\src\\Illuminate\\Routing\\Router.php(737): Illuminate\\Routing\\Router->dispatchToRoute(Object(Illuminate\\Http\\Request))
#27 E:\\MEGA\\Personal\\Documentos\\Material para Clases\\Ejemplos para GitHub\\PHPBachillerato\\Laravel\\EjemploAPILaravel\\v11\\vendor\\laravel\\framework\\src\\Illuminate\\Foundation\\Http\\Kernel.php(200): Illuminate\\Routing\\Router->dispatch(Object(Illuminate\\Http\\Request))
#28 E:\\MEGA\\Personal\\Documentos\\Material para Clases\\Ejemplos para GitHub\\PHPBachillerato\\Laravel\\EjemploAPILaravel\\v11\\vendor\\laravel\\framework\\src\\Illuminate\\Pipeline\\Pipeline.php(144): Illuminate\\Foundation\\Http\\Kernel->Illuminate\\Foundation\\Http\\{closure}(Object(Illuminate\\Http\\Request))
#29 E:\\MEGA\\Personal\\Documentos\\Material para Clases\\Ejemplos para GitHub\\PHPBachillerato\\Laravel\\EjemploAPILaravel\\v11\\vendor\\laravel\\framework\\src\\Illuminate\\Foundation\\Http\\Middleware\\TransformsRequest.php(21): Illuminate\\Pipeline\\Pipeline->Illuminate\\Pipeline\\{closure}(Object(Illuminate\\Http\\Request))
#30 E:\\MEGA\\Personal\\Documentos\\Material para Clases\\Ejemplos para GitHub\\PHPBachillerato\\Laravel\\EjemploAPILaravel\\v11\\vendor\\laravel\\framework\\src\\Illuminate\\Foundation\\Http\\Middleware\\ConvertEmptyStringsToNull.php(31): Illuminate\\Foundation\\Http\\Middleware\\TransformsRequest->handle(Object(Illuminate\\Http\\Request), Object(Closure))
#31 E:\\MEGA\\Personal\\Documentos\\Material para Clases\\Ejemplos para GitHub\\PHPBachillerato\\Laravel\\EjemploAPILaravel\\v11\\vendor\\laravel\\framework\\src\\Illuminate\\Pipeline\\Pipeline.php(183): Illuminate\\Foundation\\Http\\Middleware\\ConvertEmptyStringsToNull->handle(Object(Illuminate\\Http\\Request), Object(Closure))
#32 E:\\MEGA\\Personal\\Documentos\\Material para Clases\\Ejemplos para GitHub\\PHPBachillerato\\Laravel\\EjemploAPILaravel\\v11\\vendor\\laravel\\framework\\src\\Illuminate\\Foundation\\Http\\Middleware\\TransformsRequest.php(21): Illuminate\\Pipeline\\Pipeline->Illuminate\\Pipeline\\{closure}(Object(Illuminate\\Http\\Request))
#33 E:\\MEGA\\Personal\\Documentos\\Material para Clases\\Ejemplos para GitHub\\PHPBachillerato\\Laravel\\EjemploAPILaravel\\v11\\vendor\\laravel\\framework\\src\\Illuminate\\Foundation\\Http\\Middleware\\TrimStrings.php(51): Illuminate\\Foundation\\Http\\Middleware\\TransformsRequest->handle(Object(Illuminate\\Http\\Request), Object(Closure))
#34 E:\\MEGA\\Personal\\Documentos\\Material para Clases\\Ejemplos para GitHub\\PHPBachillerato\\Laravel\\EjemploAPILaravel\\v11\\vendor\\laravel\\framework\\src\\Illuminate\\Pipeline\\Pipeline.php(183): Illuminate\\Foundation\\Http\\Middleware\\TrimStrings->handle(Object(Illuminate\\Http\\Request), Object(Closure))
#35 E:\\MEGA\\Personal\\Documentos\\Material para Clases\\Ejemplos para GitHub\\PHPBachillerato\\Laravel\\EjemploAPILaravel\\v11\\vendor\\laravel\\framework\\src\\Illuminate\\Http\\Middleware\\ValidatePostSize.php(27): Illuminate\\Pipeline\\Pipeline->Illuminate\\Pipeline\\{closure}(Object(Illuminate\\Http\\Request))
#36 E:\\MEGA\\Personal\\Documentos\\Material para Clases\\Ejemplos para GitHub\\PHPBachillerato\\Laravel\\EjemploAPILaravel\\v11\\vendor\\laravel\\framework\\src\\Illuminate\\Pipeline\\Pipeline.php(183): Illuminate\\Http\\Middleware\\ValidatePostSize->handle(Object(Illuminate\\Http\\Request), Object(Closure))
#37 E:\\MEGA\\Personal\\Documentos\\Material para Clases\\Ejemplos para GitHub\\PHPBachillerato\\Laravel\\EjemploAPILaravel\\v11\\vendor\\laravel\\framework\\src\\Illuminate\\Foundation\\Http\\Middleware\\PreventRequestsDuringMaintenance.php(110): Illuminate\\Pipeline\\Pipeline->Illuminate\\Pipeline\\{closure}(Object(Illuminate\\Http\\Request))
#38 E:\\MEGA\\Personal\\Documentos\\Material para Clases\\Ejemplos para GitHub\\PHPBachillerato\\Laravel\\EjemploAPILaravel\\v11\\vendor\\laravel\\framework\\src\\Illuminate\\Pipeline\\Pipeline.php(183): Illuminate\\Foundation\\Http\\Middleware\\PreventRequestsDuringMaintenance->handle(Object(Illuminate\\Http\\Request), Object(Closure))
#39 E:\\MEGA\\Personal\\Documentos\\Material para Clases\\Ejemplos para GitHub\\PHPBachillerato\\Laravel\\EjemploAPILaravel\\v11\\vendor\\laravel\\framework\\src\\Illuminate\\Http\\Middleware\\HandleCors.php(62): Illuminate\\Pipeline\\Pipeline->Illuminate\\Pipeline\\{closure}(Object(Illuminate\\Http\\Request))
#40 E:\\MEGA\\Personal\\Documentos\\Material para Clases\\Ejemplos para GitHub\\PHPBachillerato\\Laravel\\EjemploAPILaravel\\v11\\vendor\\laravel\\framework\\src\\Illuminate\\Pipeline\\Pipeline.php(183): Illuminate\\Http\\Middleware\\HandleCors->handle(Object(Illuminate\\Http\\Request), Object(Closure))
#41 E:\\MEGA\\Personal\\Documentos\\Material para Clases\\Ejemplos para GitHub\\PHPBachillerato\\Laravel\\EjemploAPILaravel\\v11\\vendor\\laravel\\framework\\src\\Illuminate\\Http\\Middleware\\TrustProxies.php(57): Illuminate\\Pipeline\\Pipeline->Illuminate\\Pipeline\\{closure}(Object(Illuminate\\Http\\Request))
#42 E:\\MEGA\\Personal\\Documentos\\Material para Clases\\Ejemplos para GitHub\\PHPBachillerato\\Laravel\\EjemploAPILaravel\\v11\\vendor\\laravel\\framework\\src\\Illuminate\\Pipeline\\Pipeline.php(183): Illuminate\\Http\\Middleware\\TrustProxies->handle(Object(Illuminate\\Http\\Request), Object(Closure))
#43 E:\\MEGA\\Personal\\Documentos\\Material para Clases\\Ejemplos para GitHub\\PHPBachillerato\\Laravel\\EjemploAPILaravel\\v11\\vendor\\laravel\\framework\\src\\Illuminate\\Pipeline\\Pipeline.php(119): Illuminate\\Pipeline\\Pipeline->Illuminate\\Pipeline\\{closure}(Object(Illuminate\\Http\\Request))
#44 E:\\MEGA\\Personal\\Documentos\\Material para Clases\\Ejemplos para GitHub\\PHPBachillerato\\Laravel\\EjemploAPILaravel\\v11\\vendor\\laravel\\framework\\src\\Illuminate\\Foundation\\Http\\Kernel.php(175): Illuminate\\Pipeline\\Pipeline->then(Object(Closure))
#45 E:\\MEGA\\Personal\\Documentos\\Material para Clases\\Ejemplos para GitHub\\PHPBachillerato\\Laravel\\EjemploAPILaravel\\v11\\vendor\\laravel\\framework\\src\\Illuminate\\Foundation\\Http\\Kernel.php(144): Illuminate\\Foundation\\Http\\Kernel->sendRequestThroughRouter(Object(Illuminate\\Http\\Request))
#46 E:\\MEGA\\Personal\\Documentos\\Material para Clases\\Ejemplos para GitHub\\PHPBachillerato\\Laravel\\EjemploAPILaravel\\v11\\vendor\\laravel\\framework\\src\\Illuminate\\Foundation\\Application.php(1168): Illuminate\\Foundation\\Http\\Kernel->handle(Object(Illuminate\\Http\\Request))
#47 E:\\MEGA\\Personal\\Documentos\\Material para Clases\\Ejemplos para GitHub\\PHPBachillerato\\Laravel\\EjemploAPILaravel\\v11\\public\\index.php(17): Illuminate\\Foundation\\Application->handleRequest(Object(Illuminate\\Http\\Request))
#48 E:\\MEGA\\Personal\\Documentos\\Material para Clases\\Ejemplos para GitHub\\PHPBachillerato\\Laravel\\EjemploAPILaravel\\v11\\vendor\\laravel\\framework\\src\\Illuminate\\Foundation\\resources\\server.php(16): require_once('E:\\\\MEGA\\\\Persona...')
#49 {main}

[previous exception] [object] (Illuminate\\Database\\SQLiteDatabaseDoesNotExistException(code: 0): Database file at path [E:\\MEGA\\Personal\\Documentos\\Material para Clases\\Ejemplos para GitHub\\PHPBachillerato\\Laravel\\EjemploAPILaravel\\v11\\database\\database.sqlite] does not exist. Ensure this is an absolute path to the database. at E:\\MEGA\\Personal\\Documentos\\Material para Clases\\Ejemplos para GitHub\\PHPBachillerato\\Laravel\\EjemploAPILaravel\\v11\\vendor\\laravel\\framework\\src\\Illuminate\\Database\\Connectors\\SQLiteConnector.php:34)
[stacktrace]
#0 E:\\MEGA\\Personal\\Documentos\\Material para Clases\\Ejemplos para GitHub\\PHPBachillerato\\Laravel\\EjemploAPILaravel\\v11\\vendor\\laravel\\framework\\src\\Illuminate\\Database\\Connectors\\ConnectionFactory.php(222): Illuminate\\Database\\Connectors\\SQLiteConnector->connect(Array)
#1 [internal function]: Illuminate\\Database\\Connectors\\ConnectionFactory->Illuminate\\Database\\Connectors\\{closure}()
#2 E:\\MEGA\\Personal\\Documentos\\Material para Clases\\Ejemplos para GitHub\\PHPBachillerato\\Laravel\\EjemploAPILaravel\\v11\\vendor\\laravel\\framework\\src\\Illuminate\\Database\\Connection.php(1219): call_user_func(Object(Closure))
#3 E:\\MEGA\\Personal\\Documentos\\Material para Clases\\Ejemplos para GitHub\\PHPBachillerato\\Laravel\\EjemploAPILaravel\\v11\\vendor\\laravel\\framework\\src\\Illuminate\\Database\\Connection.php(1255): Illuminate\\Database\\Connection->getPdo()
#4 E:\\MEGA\\Personal\\Documentos\\Material para Clases\\Ejemplos para GitHub\\PHPBachillerato\\Laravel\\EjemploAPILaravel\\v11\\vendor\\laravel\\framework\\src\\Illuminate\\Database\\Connection.php(512): Illuminate\\Database\\Connection->getReadPdo()
#5 E:\\MEGA\\Personal\\Documentos\\Material para Clases\\Ejemplos para GitHub\\PHPBachillerato\\Laravel\\EjemploAPILaravel\\v11\\vendor\\laravel\\framework\\src\\Illuminate\\Database\\Connection.php(407): Illuminate\\Database\\Connection->getPdoForSelect(true)
#6 E:\\MEGA\\Personal\\Documentos\\Material para Clases\\Ejemplos para GitHub\\PHPBachillerato\\Laravel\\EjemploAPILaravel\\v11\\vendor\\laravel\\framework\\src\\Illuminate\\Database\\Connection.php(800): Illuminate\\Database\\Connection->Illuminate\\Database\\{closure}('select * from \"...', Array)
#7 E:\\MEGA\\Personal\\Documentos\\Material para Clases\\Ejemplos para GitHub\\PHPBachillerato\\Laravel\\EjemploAPILaravel\\v11\\vendor\\laravel\\framework\\src\\Illuminate\\Database\\Connection.php(767): Illuminate\\Database\\Connection->runQueryCallback('select * from \"...', Array, Object(Closure))
#8 E:\\MEGA\\Personal\\Documentos\\Material para Clases\\Ejemplos para GitHub\\PHPBachillerato\\Laravel\\EjemploAPILaravel\\v11\\vendor\\laravel\\framework\\src\\Illuminate\\Database\\Connection.php(398): Illuminate\\Database\\Connection->run('select * from \"...', Array, Object(Closure))
#9 E:\\MEGA\\Personal\\Documentos\\Material para Clases\\Ejemplos para GitHub\\PHPBachillerato\\Laravel\\EjemploAPILaravel\\v11\\vendor\\laravel\\framework\\src\\Illuminate\\Database\\Query\\Builder.php(2934): Illuminate\\Database\\Connection->select('select * from \"...', Array, true)
#10 E:\\MEGA\\Personal\\Documentos\\Material para Clases\\Ejemplos para GitHub\\PHPBachillerato\\Laravel\\EjemploAPILaravel\\v11\\vendor\\laravel\\framework\\src\\Illuminate\\Database\\Query\\Builder.php(2919): Illuminate\\Database\\Query\\Builder->runSelect()
#11 E:\\MEGA\\Personal\\Documentos\\Material para Clases\\Ejemplos para GitHub\\PHPBachillerato\\Laravel\\EjemploAPILaravel\\v11\\vendor\\laravel\\framework\\src\\Illuminate\\Database\\Query\\Builder.php(3507): Illuminate\\Database\\Query\\Builder->Illuminate\\Database\\Query\\{closure}()
#12 E:\\MEGA\\Personal\\Documentos\\Material para Clases\\Ejemplos para GitHub\\PHPBachillerato\\Laravel\\EjemploAPILaravel\\v11\\vendor\\laravel\\framework\\src\\Illuminate\\Database\\Query\\Builder.php(2918): Illuminate\\Database\\Query\\Builder->onceWithColumns(Array, Object(Closure))
#13 E:\\MEGA\\Personal\\Documentos\\Material para Clases\\Ejemplos para GitHub\\PHPBachillerato\\Laravel\\EjemploAPILaravel\\v11\\vendor\\laravel\\framework\\src\\Illuminate\\Database\\Concerns\\BuildsQueries.php(335): Illuminate\\Database\\Query\\Builder->get(Array)
#14 E:\\MEGA\\Personal\\Documentos\\Material para Clases\\Ejemplos para GitHub\\PHPBachillerato\\Laravel\\EjemploAPILaravel\\v11\\vendor\\laravel\\framework\\src\\Illuminate\\Database\\Query\\Builder.php(2841): Illuminate\\Database\\Query\\Builder->first(Array)
#15 E:\\MEGA\\Personal\\Documentos\\Material para Clases\\Ejemplos para GitHub\\PHPBachillerato\\Laravel\\EjemploAPILaravel\\v11\\vendor\\laravel\\framework\\src\\Illuminate\\Session\\DatabaseSessionHandler.php(97): Illuminate\\Database\\Query\\Builder->find('YCuNoCVtE720CBL...')
#16 E:\\MEGA\\Personal\\Documentos\\Material para Clases\\Ejemplos para GitHub\\PHPBachillerato\\Laravel\\EjemploAPILaravel\\v11\\vendor\\laravel\\framework\\src\\Illuminate\\Session\\Store.php(113): Illuminate\\Session\\DatabaseSessionHandler->read('YCuNoCVtE720CBL...')
#17 E:\\MEGA\\Personal\\Documentos\\Material para Clases\\Ejemplos para GitHub\\PHPBachillerato\\Laravel\\EjemploAPILaravel\\v11\\vendor\\laravel\\framework\\src\\Illuminate\\Session\\Store.php(101): Illuminate\\Session\\Store->readFromHandler()
#18 E:\\MEGA\\Personal\\Documentos\\Material para Clases\\Ejemplos para GitHub\\PHPBachillerato\\Laravel\\EjemploAPILaravel\\v11\\vendor\\laravel\\framework\\src\\Illuminate\\Session\\Store.php(85): Illuminate\\Session\\Store->loadSession()
#19 E:\\MEGA\\Personal\\Documentos\\Material para Clases\\Ejemplos para GitHub\\PHPBachillerato\\Laravel\\EjemploAPILaravel\\v11\\vendor\\laravel\\framework\\src\\Illuminate\\Session\\Middleware\\StartSession.php(147): Illuminate\\Session\\Store->start()
#20 E:\\MEGA\\Personal\\Documentos\\Material para Clases\\Ejemplos para GitHub\\PHPBachillerato\\Laravel\\EjemploAPILaravel\\v11\\vendor\\laravel\\framework\\src\\Illuminate\\Support\\helpers.php(359): Illuminate\\Session\\Middleware\\StartSession->Illuminate\\Session\\Middleware\\{closure}(Object(Illuminate\\Session\\Store))
#21 E:\\MEGA\\Personal\\Documentos\\Material para Clases\\Ejemplos para GitHub\\PHPBachillerato\\Laravel\\EjemploAPILaravel\\v11\\vendor\\laravel\\framework\\src\\Illuminate\\Session\\Middleware\\StartSession.php(144): tap(Object(Illuminate\\Session\\Store), Object(Closure))
#22 E:\\MEGA\\Personal\\Documentos\\Material para Clases\\Ejemplos para GitHub\\PHPBachillerato\\Laravel\\EjemploAPILaravel\\v11\\vendor\\laravel\\framework\\src\\Illuminate\\Session\\Middleware\\StartSession.php(116): Illuminate\\Session\\Middleware\\StartSession->startSession(Object(Illuminate\\Http\\Request), Object(Illuminate\\Session\\Store))
#23 E:\\MEGA\\Personal\\Documentos\\Material para Clases\\Ejemplos para GitHub\\PHPBachillerato\\Laravel\\EjemploAPILaravel\\v11\\vendor\\laravel\\framework\\src\\Illuminate\\Session\\Middleware\\StartSession.php(64): Illuminate\\Session\\Middleware\\StartSession->handleStatefulRequest(Object(Illuminate\\Http\\Request), Object(Illuminate\\Session\\Store), Object(Closure))
#24 E:\\MEGA\\Personal\\Documentos\\Material para Clases\\Ejemplos para GitHub\\PHPBachillerato\\Laravel\\EjemploAPILaravel\\v11\\vendor\\laravel\\framework\\src\\Illuminate\\Pipeline\\Pipeline.php(183): Illuminate\\Session\\Middleware\\StartSession->handle(Object(Illuminate\\Http\\Request), Object(Closure))
#25 E:\\MEGA\\Personal\\Documentos\\Material para Clases\\Ejemplos para GitHub\\PHPBachillerato\\Laravel\\EjemploAPILaravel\\v11\\vendor\\laravel\\framework\\src\\Illuminate\\Cookie\\Middleware\\AddQueuedCookiesToResponse.php(37): Illuminate\\Pipeline\\Pipeline->Illuminate\\Pipeline\\{closure}(Object(Illuminate\\Http\\Request))
#26 E:\\MEGA\\Personal\\Documentos\\Material para Clases\\Ejemplos para GitHub\\PHPBachillerato\\Laravel\\EjemploAPILaravel\\v11\\vendor\\laravel\\framework\\src\\Illuminate\\Pipeline\\Pipeline.php(183): Illuminate\\Cookie\\Middleware\\AddQueuedCookiesToResponse->handle(Object(Illuminate\\Http\\Request), Object(Closure))
#27 E:\\MEGA\\Personal\\Documentos\\Material para Clases\\Ejemplos para GitHub\\PHPBachillerato\\Laravel\\EjemploAPILaravel\\v11\\vendor\\laravel\\framework\\src\\Illuminate\\Cookie\\Middleware\\EncryptCookies.php(75): Illuminate\\Pipeline\\Pipeline->Illuminate\\Pipeline\\{closure}(Object(Illuminate\\Http\\Request))
#28 E:\\MEGA\\Personal\\Documentos\\Material para Clases\\Ejemplos para GitHub\\PHPBachillerato\\Laravel\\EjemploAPILaravel\\v11\\vendor\\laravel\\framework\\src\\Illuminate\\Pipeline\\Pipeline.php(183): Illuminate\\Cookie\\Middleware\\EncryptCookies->handle(Object(Illuminate\\Http\\Request), Object(Closure))
#29 E:\\MEGA\\Personal\\Documentos\\Material para Clases\\Ejemplos para GitHub\\PHPBachillerato\\Laravel\\EjemploAPILaravel\\v11\\vendor\\laravel\\framework\\src\\Illuminate\\Pipeline\\Pipeline.php(119): Illuminate\\Pipeline\\Pipeline->Illuminate\\Pipeline\\{closure}(Object(Illuminate\\Http\\Request))
#30 E:\\MEGA\\Personal\\Documentos\\Material para Clases\\Ejemplos para GitHub\\PHPBachillerato\\Laravel\\EjemploAPILaravel\\v11\\vendor\\laravel\\framework\\src\\Illuminate\\Routing\\Router.php(805): Illuminate\\Pipeline\\Pipeline->then(Object(Closure))
#31 E:\\MEGA\\Personal\\Documentos\\Material para Clases\\Ejemplos para GitHub\\PHPBachillerato\\Laravel\\EjemploAPILaravel\\v11\\vendor\\laravel\\framework\\src\\Illuminate\\Routing\\Router.php(784): Illuminate\\Routing\\Router->runRouteWithinStack(Object(Illuminate\\Routing\\Route), Object(Illuminate\\Http\\Request))
#32 E:\\MEGA\\Personal\\Documentos\\Material para Clases\\Ejemplos para GitHub\\PHPBachillerato\\Laravel\\EjemploAPILaravel\\v11\\vendor\\laravel\\framework\\src\\Illuminate\\Routing\\Router.php(748): Illuminate\\Routing\\Router->runRoute(Object(Illuminate\\Http\\Request), Object(Illuminate\\Routing\\Route))
#33 E:\\MEGA\\Personal\\Documentos\\Material para Clases\\Ejemplos para GitHub\\PHPBachillerato\\Laravel\\EjemploAPILaravel\\v11\\vendor\\laravel\\framework\\src\\Illuminate\\Routing\\Router.php(737): Illuminate\\Routing\\Router->dispatchToRoute(Object(Illuminate\\Http\\Request))
#34 E:\\MEGA\\Personal\\Documentos\\Material para Clases\\Ejemplos para GitHub\\PHPBachillerato\\Laravel\\EjemploAPILaravel\\v11\\vendor\\laravel\\framework\\src\\Illuminate\\Foundation\\Http\\Kernel.php(200): Illuminate\\Routing\\Router->dispatch(Object(Illuminate\\Http\\Request))
#35 E:\\MEGA\\Personal\\Documentos\\Material para Clases\\Ejemplos para GitHub\\PHPBachillerato\\Laravel\\EjemploAPILaravel\\v11\\vendor\\laravel\\framework\\src\\Illuminate\\Pipeline\\Pipeline.php(144): Illuminate\\Foundation\\Http\\Kernel->Illuminate\\Foundation\\Http\\{closure}(Object(Illuminate\\Http\\Request))
#36 E:\\MEGA\\Personal\\Documentos\\Material para Clases\\Ejemplos para GitHub\\PHPBachillerato\\Laravel\\EjemploAPILaravel\\v11\\vendor\\laravel\\framework\\src\\Illuminate\\Foundation\\Http\\Middleware\\TransformsRequest.php(21): Illuminate\\Pipeline\\Pipeline->Illuminate\\Pipeline\\{closure}(Object(Illuminate\\Http\\Request))
#37 E:\\MEGA\\Personal\\Documentos\\Material para Clases\\Ejemplos para GitHub\\PHPBachillerato\\Laravel\\EjemploAPILaravel\\v11\\vendor\\laravel\\framework\\src\\Illuminate\\Foundation\\Http\\Middleware\\ConvertEmptyStringsToNull.php(31): Illuminate\\Foundation\\Http\\Middleware\\TransformsRequest->handle(Object(Illuminate\\Http\\Request), Object(Closure))
#38 E:\\MEGA\\Personal\\Documentos\\Material para Clases\\Ejemplos para GitHub\\PHPBachillerato\\Laravel\\EjemploAPILaravel\\v11\\vendor\\laravel\\framework\\src\\Illuminate\\Pipeline\\Pipeline.php(183): Illuminate\\Foundation\\Http\\Middleware\\ConvertEmptyStringsToNull->handle(Object(Illuminate\\Http\\Request), Object(Closure))
#39 E:\\MEGA\\Personal\\Documentos\\Material para Clases\\Ejemplos para GitHub\\PHPBachillerato\\Laravel\\EjemploAPILaravel\\v11\\vendor\\laravel\\framework\\src\\Illuminate\\Foundation\\Http\\Middleware\\TransformsRequest.php(21): Illuminate\\Pipeline\\Pipeline->Illuminate\\Pipeline\\{closure}(Object(Illuminate\\Http\\Request))
#40 E:\\MEGA\\Personal\\Documentos\\Material para Clases\\Ejemplos para GitHub\\PHPBachillerato\\Laravel\\EjemploAPILaravel\\v11\\vendor\\laravel\\framework\\src\\Illuminate\\Foundation\\Http\\Middleware\\TrimStrings.php(51): Illuminate\\Foundation\\Http\\Middleware\\TransformsRequest->handle(Object(Illuminate\\Http\\Request), Object(Closure))
#41 E:\\MEGA\\Personal\\Documentos\\Material para Clases\\Ejemplos para GitHub\\PHPBachillerato\\Laravel\\EjemploAPILaravel\\v11\\vendor\\laravel\\framework\\src\\Illuminate\\Pipeline\\Pipeline.php(183): Illuminate\\Foundation\\Http\\Middleware\\TrimStrings->handle(Object(Illuminate\\Http\\Request), Object(Closure))
#42 E:\\MEGA\\Personal\\Documentos\\Material para Clases\\Ejemplos para GitHub\\PHPBachillerato\\Laravel\\EjemploAPILaravel\\v11\\vendor\\laravel\\framework\\src\\Illuminate\\Http\\Middleware\\ValidatePostSize.php(27): Illuminate\\Pipeline\\Pipeline->Illuminate\\Pipeline\\{closure}(Object(Illuminate\\Http\\Request))
#43 E:\\MEGA\\Personal\\Documentos\\Material para Clases\\Ejemplos para GitHub\\PHPBachillerato\\Laravel\\EjemploAPILaravel\\v11\\vendor\\laravel\\framework\\src\\Illuminate\\Pipeline\\Pipeline.php(183): Illuminate\\Http\\Middleware\\ValidatePostSize->handle(Object(Illuminate\\Http\\Request), Object(Closure))
#44 E:\\MEGA\\Personal\\Documentos\\Material para Clases\\Ejemplos para GitHub\\PHPBachillerato\\Laravel\\EjemploAPILaravel\\v11\\vendor\\laravel\\framework\\src\\Illuminate\\Foundation\\Http\\Middleware\\PreventRequestsDuringMaintenance.php(110): Illuminate\\Pipeline\\Pipeline->Illuminate\\Pipeline\\{closure}(Object(Illuminate\\Http\\Request))
#45 E:\\MEGA\\Personal\\Documentos\\Material para Clases\\Ejemplos para GitHub\\PHPBachillerato\\Laravel\\EjemploAPILaravel\\v11\\vendor\\laravel\\framework\\src\\Illuminate\\Pipeline\\Pipeline.php(183): Illuminate\\Foundation\\Http\\Middleware\\PreventRequestsDuringMaintenance->handle(Object(Illuminate\\Http\\Request), Object(Closure))
#46 E:\\MEGA\\Personal\\Documentos\\Material para Clases\\Ejemplos para GitHub\\PHPBachillerato\\Laravel\\EjemploAPILaravel\\v11\\vendor\\laravel\\framework\\src\\Illuminate\\Http\\Middleware\\HandleCors.php(62): Illuminate\\Pipeline\\Pipeline->Illuminate\\Pipeline\\{closure}(Object(Illuminate\\Http\\Request))
#47 E:\\MEGA\\Personal\\Documentos\\Material para Clases\\Ejemplos para GitHub\\PHPBachillerato\\Laravel\\EjemploAPILaravel\\v11\\vendor\\laravel\\framework\\src\\Illuminate\\Pipeline\\Pipeline.php(183): Illuminate\\Http\\Middleware\\HandleCors->handle(Object(Illuminate\\Http\\Request), Object(Closure))
#48 E:\\MEGA\\Personal\\Documentos\\Material para Clases\\Ejemplos para GitHub\\PHPBachillerato\\Laravel\\EjemploAPILaravel\\v11\\vendor\\laravel\\framework\\src\\Illuminate\\Http\\Middleware\\TrustProxies.php(57): Illuminate\\Pipeline\\Pipeline->Illuminate\\Pipeline\\{closure}(Object(Illuminate\\Http\\Request))
#49 E:\\MEGA\\Personal\\Documentos\\Material para Clases\\Ejemplos para GitHub\\PHPBachillerato\\Laravel\\EjemploAPILaravel\\v11\\vendor\\laravel\\framework\\src\\Illuminate\\Pipeline\\Pipeline.php(183): Illuminate\\Http\\Middleware\\TrustProxies->handle(Object(Illuminate\\Http\\Request), Object(Closure))
#50 E:\\MEGA\\Personal\\Documentos\\Material para Clases\\Ejemplos para GitHub\\PHPBachillerato\\Laravel\\EjemploAPILaravel\\v11\\vendor\\laravel\\framework\\src\\Illuminate\\Pipeline\\Pipeline.php(119): Illuminate\\Pipeline\\Pipeline->Illuminate\\Pipeline\\{closure}(Object(Illuminate\\Http\\Request))
#51 E:\\MEGA\\Personal\\Documentos\\Material para Clases\\Ejemplos para GitHub\\PHPBachillerato\\Laravel\\EjemploAPILaravel\\v11\\vendor\\laravel\\framework\\src\\Illuminate\\Foundation\\Http\\Kernel.php(175): Illuminate\\Pipeline\\Pipeline->then(Object(Closure))
#52 E:\\MEGA\\Personal\\Documentos\\Material para Clases\\Ejemplos para GitHub\\PHPBachillerato\\Laravel\\EjemploAPILaravel\\v11\\vendor\\laravel\\framework\\src\\Illuminate\\Foundation\\Http\\Kernel.php(144): Illuminate\\Foundation\\Http\\Kernel->sendRequestThroughRouter(Object(Illuminate\\Http\\Request))
#53 E:\\MEGA\\Personal\\Documentos\\Material para Clases\\Ejemplos para GitHub\\PHPBachillerato\\Laravel\\EjemploAPILaravel\\v11\\vendor\\laravel\\framework\\src\\Illuminate\\Foundation\\Application.php(1168): Illuminate\\Foundation\\Http\\Kernel->handle(Object(Illuminate\\Http\\Request))
#54 E:\\MEGA\\Personal\\Documentos\\Material para Clases\\Ejemplos para GitHub\\PHPBachillerato\\Laravel\\EjemploAPILaravel\\v11\\public\\index.php(17): Illuminate\\Foundation\\Application->handleRequest(Object(Illuminate\\Http\\Request))
#55 E:\\MEGA\\Personal\\Documentos\\Material para Clases\\Ejemplos para GitHub\\PHPBachillerato\\Laravel\\EjemploAPILaravel\\v11\\vendor\\laravel\\framework\\src\\Illuminate\\Foundation\\resources\\server.php(16): require_once('E:\\\\MEGA\\\\Persona...')
#56 {main}
"} 
[2024-06-13 13:07:37] local.ERROR: SQLSTATE[HY000] [2002] No se puede establecer una conexión ya que el equipo de destino denegó expresamente dicha conexión (Connection: mysql, SQL: select table_name as `name`, (data_length + index_length) as `size`, table_comment as `comment`, engine as `engine`, table_collation as `collation` from information_schema.tables where table_schema = 'ejemploapi11' and table_type in ('BASE TABLE', 'SYSTEM VERSIONED') order by table_name) {"exception":"[object] (Illuminate\\Database\\QueryException(code: 2002): SQLSTATE[HY000] [2002] No se puede establecer una conexión ya que el equipo de destino denegó expresamente dicha conexión (Connection: mysql, SQL: select table_name as `name`, (data_length + index_length) as `size`, table_comment as `comment`, engine as `engine`, table_collation as `collation` from information_schema.tables where table_schema = 'ejemploapi11' and table_type in ('BASE TABLE', 'SYSTEM VERSIONED') order by table_name) at E:\\MEGA\\Personal\\Documentos\\Material para Clases\\Ejemplos para GitHub\\PHPBachillerato\\Laravel\\EjemploAPILaravel\\v11\\vendor\\laravel\\framework\\src\\Illuminate\\Database\\Connection.php:813)
[stacktrace]
#0 E:\\MEGA\\Personal\\Documentos\\Material para Clases\\Ejemplos para GitHub\\PHPBachillerato\\Laravel\\EjemploAPILaravel\\v11\\vendor\\laravel\\framework\\src\\Illuminate\\Database\\Connection.php(767): Illuminate\\Database\\Connection->runQueryCallback('select table_na...', Array, Object(Closure))
#1 E:\\MEGA\\Personal\\Documentos\\Material para Clases\\Ejemplos para GitHub\\PHPBachillerato\\Laravel\\EjemploAPILaravel\\v11\\vendor\\laravel\\framework\\src\\Illuminate\\Database\\Connection.php(398): Illuminate\\Database\\Connection->run('select table_na...', Array, Object(Closure))
#2 E:\\MEGA\\Personal\\Documentos\\Material para Clases\\Ejemplos para GitHub\\PHPBachillerato\\Laravel\\EjemploAPILaravel\\v11\\vendor\\laravel\\framework\\src\\Illuminate\\Database\\Connection.php(385): Illuminate\\Database\\Connection->select('select table_na...', Array, false)
#3 E:\\MEGA\\Personal\\Documentos\\Material para Clases\\Ejemplos para GitHub\\PHPBachillerato\\Laravel\\EjemploAPILaravel\\v11\\vendor\\laravel\\framework\\src\\Illuminate\\Database\\Schema\\MySqlBuilder.php(41): Illuminate\\Database\\Connection->selectFromWriteConnection('select table_na...')
#4 E:\\MEGA\\Personal\\Documentos\\Material para Clases\\Ejemplos para GitHub\\PHPBachillerato\\Laravel\\EjemploAPILaravel\\v11\\vendor\\laravel\\framework\\src\\Illuminate\\Database\\Schema\\Builder.php(147): Illuminate\\Database\\Schema\\MySqlBuilder->getTables(false)
#5 E:\\MEGA\\Personal\\Documentos\\Material para Clases\\Ejemplos para GitHub\\PHPBachillerato\\Laravel\\EjemploAPILaravel\\v11\\vendor\\laravel\\framework\\src\\Illuminate\\Database\\Migrations\\DatabaseMigrationRepository.php(184): Illuminate\\Database\\Schema\\Builder->hasTable('migrations')
#6 E:\\MEGA\\Personal\\Documentos\\Material para Clases\\Ejemplos para GitHub\\PHPBachillerato\\Laravel\\EjemploAPILaravel\\v11\\vendor\\laravel\\framework\\src\\Illuminate\\Database\\Migrations\\Migrator.php(689): Illuminate\\Database\\Migrations\\DatabaseMigrationRepository->repositoryExists()
#7 E:\\MEGA\\Personal\\Documentos\\Material para Clases\\Ejemplos para GitHub\\PHPBachillerato\\Laravel\\EjemploAPILaravel\\v11\\vendor\\laravel\\framework\\src\\Illuminate\\Database\\Console\\Migrations\\MigrateCommand.php(164): Illuminate\\Database\\Migrations\\Migrator->repositoryExists()
#8 E:\\MEGA\\Personal\\Documentos\\Material para Clases\\Ejemplos para GitHub\\PHPBachillerato\\Laravel\\EjemploAPILaravel\\v11\\vendor\\laravel\\framework\\src\\Illuminate\\Support\\helpers.php(300): Illuminate\\Database\\Console\\Migrations\\MigrateCommand->Illuminate\\Database\\Console\\Migrations\\{closure}(1)
#9 E:\\MEGA\\Personal\\Documentos\\Material para Clases\\Ejemplos para GitHub\\PHPBachillerato\\Laravel\\EjemploAPILaravel\\v11\\vendor\\laravel\\framework\\src\\Illuminate\\Database\\Console\\Migrations\\MigrateCommand.php(164): retry(1, Object(Closure), 0, Object(Closure))
#10 E:\\MEGA\\Personal\\Documentos\\Material para Clases\\Ejemplos para GitHub\\PHPBachillerato\\Laravel\\EjemploAPILaravel\\v11\\vendor\\laravel\\framework\\src\\Illuminate\\Database\\Console\\Migrations\\MigrateCommand.php(140): Illuminate\\Database\\Console\\Migrations\\MigrateCommand->repositoryExists()
#11 E:\\MEGA\\Personal\\Documentos\\Material para Clases\\Ejemplos para GitHub\\PHPBachillerato\\Laravel\\EjemploAPILaravel\\v11\\vendor\\laravel\\framework\\src\\Illuminate\\Database\\Console\\Migrations\\MigrateCommand.php(110): Illuminate\\Database\\Console\\Migrations\\MigrateCommand->prepareDatabase()
#12 E:\\MEGA\\Personal\\Documentos\\Material para Clases\\Ejemplos para GitHub\\PHPBachillerato\\Laravel\\EjemploAPILaravel\\v11\\vendor\\laravel\\framework\\src\\Illuminate\\Database\\Migrations\\Migrator.php(622): Illuminate\\Database\\Console\\Migrations\\MigrateCommand->Illuminate\\Database\\Console\\Migrations\\{closure}()
#13 E:\\MEGA\\Personal\\Documentos\\Material para Clases\\Ejemplos para GitHub\\PHPBachillerato\\Laravel\\EjemploAPILaravel\\v11\\vendor\\laravel\\framework\\src\\Illuminate\\Database\\Console\\Migrations\\MigrateCommand.php(109): Illuminate\\Database\\Migrations\\Migrator->usingConnection(NULL, Object(Closure))
#14 E:\\MEGA\\Personal\\Documentos\\Material para Clases\\Ejemplos para GitHub\\PHPBachillerato\\Laravel\\EjemploAPILaravel\\v11\\vendor\\laravel\\framework\\src\\Illuminate\\Database\\Console\\Migrations\\MigrateCommand.php(88): Illuminate\\Database\\Console\\Migrations\\MigrateCommand->runMigrations()
#15 E:\\MEGA\\Personal\\Documentos\\Material para Clases\\Ejemplos para GitHub\\PHPBachillerato\\Laravel\\EjemploAPILaravel\\v11\\vendor\\laravel\\framework\\src\\Illuminate\\Container\\BoundMethod.php(36): Illuminate\\Database\\Console\\Migrations\\MigrateCommand->handle()
#16 E:\\MEGA\\Personal\\Documentos\\Material para Clases\\Ejemplos para GitHub\\PHPBachillerato\\Laravel\\EjemploAPILaravel\\v11\\vendor\\laravel\\framework\\src\\Illuminate\\Container\\Util.php(41): Illuminate\\Container\\BoundMethod::Illuminate\\Container\\{closure}()
#17 E:\\MEGA\\Personal\\Documentos\\Material para Clases\\Ejemplos para GitHub\\PHPBachillerato\\Laravel\\EjemploAPILaravel\\v11\\vendor\\laravel\\framework\\src\\Illuminate\\Container\\BoundMethod.php(93): Illuminate\\Container\\Util::unwrapIfClosure(Object(Closure))
#18 E:\\MEGA\\Personal\\Documentos\\Material para Clases\\Ejemplos para GitHub\\PHPBachillerato\\Laravel\\EjemploAPILaravel\\v11\\vendor\\laravel\\framework\\src\\Illuminate\\Container\\BoundMethod.php(35): Illuminate\\Container\\BoundMethod::callBoundMethod(Object(Illuminate\\Foundation\\Application), Array, Object(Closure))
#19 E:\\MEGA\\Personal\\Documentos\\Material para Clases\\Ejemplos para GitHub\\PHPBachillerato\\Laravel\\EjemploAPILaravel\\v11\\vendor\\laravel\\framework\\src\\Illuminate\\Container\\Container.php(662): Illuminate\\Container\\BoundMethod::call(Object(Illuminate\\Foundation\\Application), Array, Array, NULL)
#20 E:\\MEGA\\Personal\\Documentos\\Material para Clases\\Ejemplos para GitHub\\PHPBachillerato\\Laravel\\EjemploAPILaravel\\v11\\vendor\\laravel\\framework\\src\\Illuminate\\Console\\Command.php(212): Illuminate\\Container\\Container->call(Array)
#21 E:\\MEGA\\Personal\\Documentos\\Material para Clases\\Ejemplos para GitHub\\PHPBachillerato\\Laravel\\EjemploAPILaravel\\v11\\vendor\\symfony\\console\\Command\\Command.php(279): Illuminate\\Console\\Command->execute(Object(Symfony\\Component\\Console\\Input\\ArgvInput), Object(Illuminate\\Console\\OutputStyle))
#22 E:\\MEGA\\Personal\\Documentos\\Material para Clases\\Ejemplos para GitHub\\PHPBachillerato\\Laravel\\EjemploAPILaravel\\v11\\vendor\\laravel\\framework\\src\\Illuminate\\Console\\Command.php(181): Symfony\\Component\\Console\\Command\\Command->run(Object(Symfony\\Component\\Console\\Input\\ArgvInput), Object(Illuminate\\Console\\OutputStyle))
#23 E:\\MEGA\\Personal\\Documentos\\Material para Clases\\Ejemplos para GitHub\\PHPBachillerato\\Laravel\\EjemploAPILaravel\\v11\\vendor\\symfony\\console\\Application.php(1049): Illuminate\\Console\\Command->run(Object(Symfony\\Component\\Console\\Input\\ArgvInput), Object(Symfony\\Component\\Console\\Output\\ConsoleOutput))
#24 E:\\MEGA\\Personal\\Documentos\\Material para Clases\\Ejemplos para GitHub\\PHPBachillerato\\Laravel\\EjemploAPILaravel\\v11\\vendor\\symfony\\console\\Application.php(318): Symfony\\Component\\Console\\Application->doRunCommand(Object(Illuminate\\Database\\Console\\Migrations\\MigrateCommand), Object(Symfony\\Component\\Console\\Input\\ArgvInput), Object(Symfony\\Component\\Console\\Output\\ConsoleOutput))
#25 E:\\MEGA\\Personal\\Documentos\\Material para Clases\\Ejemplos para GitHub\\PHPBachillerato\\Laravel\\EjemploAPILaravel\\v11\\vendor\\symfony\\console\\Application.php(169): Symfony\\Component\\Console\\Application->doRun(Object(Symfony\\Component\\Console\\Input\\ArgvInput), Object(Symfony\\Component\\Console\\Output\\ConsoleOutput))
#26 E:\\MEGA\\Personal\\Documentos\\Material para Clases\\Ejemplos para GitHub\\PHPBachillerato\\Laravel\\EjemploAPILaravel\\v11\\vendor\\laravel\\framework\\src\\Illuminate\\Foundation\\Console\\Kernel.php(196): Symfony\\Component\\Console\\Application->run(Object(Symfony\\Component\\Console\\Input\\ArgvInput), Object(Symfony\\Component\\Console\\Output\\ConsoleOutput))
#27 E:\\MEGA\\Personal\\Documentos\\Material para Clases\\Ejemplos para GitHub\\PHPBachillerato\\Laravel\\EjemploAPILaravel\\v11\\vendor\\laravel\\framework\\src\\Illuminate\\Foundation\\Application.php(1183): Illuminate\\Foundation\\Console\\Kernel->handle(Object(Symfony\\Component\\Console\\Input\\ArgvInput), Object(Symfony\\Component\\Console\\Output\\ConsoleOutput))
#28 E:\\MEGA\\Personal\\Documentos\\Material para Clases\\Ejemplos para GitHub\\PHPBachillerato\\Laravel\\EjemploAPILaravel\\v11\\artisan(13): Illuminate\\Foundation\\Application->handleCommand(Object(Symfony\\Component\\Console\\Input\\ArgvInput))
#29 {main}

[previous exception] [object] (PDOException(code: 2002): SQLSTATE[HY000] [2002] No se puede establecer una conexión ya que el equipo de destino denegó expresamente dicha conexión at E:\\MEGA\\Personal\\Documentos\\Material para Clases\\Ejemplos para GitHub\\PHPBachillerato\\Laravel\\EjemploAPILaravel\\v11\\vendor\\laravel\\framework\\src\\Illuminate\\Database\\Connectors\\Connector.php:65)
[stacktrace]
#0 E:\\MEGA\\Personal\\Documentos\\Material para Clases\\Ejemplos para GitHub\\PHPBachillerato\\Laravel\\EjemploAPILaravel\\v11\\vendor\\laravel\\framework\\src\\Illuminate\\Database\\Connectors\\Connector.php(65): PDO->__construct('mysql:host=127....', 'estudiante', Object(SensitiveParameterValue), Array)
#1 E:\\MEGA\\Personal\\Documentos\\Material para Clases\\Ejemplos para GitHub\\PHPBachillerato\\Laravel\\EjemploAPILaravel\\v11\\vendor\\laravel\\framework\\src\\Illuminate\\Database\\Connectors\\Connector.php(44): Illuminate\\Database\\Connectors\\Connector->createPdoConnection('mysql:host=127....', 'estudiante', 'estudiante', Array)
#2 E:\\MEGA\\Personal\\Documentos\\Material para Clases\\Ejemplos para GitHub\\PHPBachillerato\\Laravel\\EjemploAPILaravel\\v11\\vendor\\laravel\\framework\\src\\Illuminate\\Database\\Connectors\\MySqlConnector.php(24): Illuminate\\Database\\Connectors\\Connector->createConnection('mysql:host=127....', Array, Array)
#3 E:\\MEGA\\Personal\\Documentos\\Material para Clases\\Ejemplos para GitHub\\PHPBachillerato\\Laravel\\EjemploAPILaravel\\v11\\vendor\\laravel\\framework\\src\\Illuminate\\Database\\Connectors\\ConnectionFactory.php(185): Illuminate\\Database\\Connectors\\MySqlConnector->connect(Array)
#4 [internal function]: Illuminate\\Database\\Connectors\\ConnectionFactory->Illuminate\\Database\\Connectors\\{closure}()
#5 E:\\MEGA\\Personal\\Documentos\\Material para Clases\\Ejemplos para GitHub\\PHPBachillerato\\Laravel\\EjemploAPILaravel\\v11\\vendor\\laravel\\framework\\src\\Illuminate\\Database\\Connection.php(1219): call_user_func(Object(Closure))
#6 E:\\MEGA\\Personal\\Documentos\\Material para Clases\\Ejemplos para GitHub\\PHPBachillerato\\Laravel\\EjemploAPILaravel\\v11\\vendor\\laravel\\framework\\src\\Illuminate\\Database\\Connection.php(512): Illuminate\\Database\\Connection->getPdo()
#7 E:\\MEGA\\Personal\\Documentos\\Material para Clases\\Ejemplos para GitHub\\PHPBachillerato\\Laravel\\EjemploAPILaravel\\v11\\vendor\\laravel\\framework\\src\\Illuminate\\Database\\Connection.php(407): Illuminate\\Database\\Connection->getPdoForSelect(false)
#8 E:\\MEGA\\Personal\\Documentos\\Material para Clases\\Ejemplos para GitHub\\PHPBachillerato\\Laravel\\EjemploAPILaravel\\v11\\vendor\\laravel\\framework\\src\\Illuminate\\Database\\Connection.php(800): Illuminate\\Database\\Connection->Illuminate\\Database\\{closure}('select table_na...', Array)
#9 E:\\MEGA\\Personal\\Documentos\\Material para Clases\\Ejemplos para GitHub\\PHPBachillerato\\Laravel\\EjemploAPILaravel\\v11\\vendor\\laravel\\framework\\src\\Illuminate\\Database\\Connection.php(767): Illuminate\\Database\\Connection->runQueryCallback('select table_na...', Array, Object(Closure))
#10 E:\\MEGA\\Personal\\Documentos\\Material para Clases\\Ejemplos para GitHub\\PHPBachillerato\\Laravel\\EjemploAPILaravel\\v11\\vendor\\laravel\\framework\\src\\Illuminate\\Database\\Connection.php(398): Illuminate\\Database\\Connection->run('select table_na...', Array, Object(Closure))
#11 E:\\MEGA\\Personal\\Documentos\\Material para Clases\\Ejemplos para GitHub\\PHPBachillerato\\Laravel\\EjemploAPILaravel\\v11\\vendor\\laravel\\framework\\src\\Illuminate\\Database\\Connection.php(385): Illuminate\\Database\\Connection->select('select table_na...', Array, false)
#12 E:\\MEGA\\Personal\\Documentos\\Material para Clases\\Ejemplos para GitHub\\PHPBachillerato\\Laravel\\EjemploAPILaravel\\v11\\vendor\\laravel\\framework\\src\\Illuminate\\Database\\Schema\\MySqlBuilder.php(41): Illuminate\\Database\\Connection->selectFromWriteConnection('select table_na...')
#13 E:\\MEGA\\Personal\\Documentos\\Material para Clases\\Ejemplos para GitHub\\PHPBachillerato\\Laravel\\EjemploAPILaravel\\v11\\vendor\\laravel\\framework\\src\\Illuminate\\Database\\Schema\\Builder.php(147): Illuminate\\Database\\Schema\\MySqlBuilder->getTables(false)
#14 E:\\MEGA\\Personal\\Documentos\\Material para Clases\\Ejemplos para GitHub\\PHPBachillerato\\Laravel\\EjemploAPILaravel\\v11\\vendor\\laravel\\framework\\src\\Illuminate\\Database\\Migrations\\DatabaseMigrationRepository.php(184): Illuminate\\Database\\Schema\\Builder->hasTable('migrations')
#15 E:\\MEGA\\Personal\\Documentos\\Material para Clases\\Ejemplos para GitHub\\PHPBachillerato\\Laravel\\EjemploAPILaravel\\v11\\vendor\\laravel\\framework\\src\\Illuminate\\Database\\Migrations\\Migrator.php(689): Illuminate\\Database\\Migrations\\DatabaseMigrationRepository->repositoryExists()
#16 E:\\MEGA\\Personal\\Documentos\\Material para Clases\\Ejemplos para GitHub\\PHPBachillerato\\Laravel\\EjemploAPILaravel\\v11\\vendor\\laravel\\framework\\src\\Illuminate\\Database\\Console\\Migrations\\MigrateCommand.php(164): Illuminate\\Database\\Migrations\\Migrator->repositoryExists()
#17 E:\\MEGA\\Personal\\Documentos\\Material para Clases\\Ejemplos para GitHub\\PHPBachillerato\\Laravel\\EjemploAPILaravel\\v11\\vendor\\laravel\\framework\\src\\Illuminate\\Support\\helpers.php(300): Illuminate\\Database\\Console\\Migrations\\MigrateCommand->Illuminate\\Database\\Console\\Migrations\\{closure}(1)
#18 E:\\MEGA\\Personal\\Documentos\\Material para Clases\\Ejemplos para GitHub\\PHPBachillerato\\Laravel\\EjemploAPILaravel\\v11\\vendor\\laravel\\framework\\src\\Illuminate\\Database\\Console\\Migrations\\MigrateCommand.php(164): retry(1, Object(Closure), 0, Object(Closure))
#19 E:\\MEGA\\Personal\\Documentos\\Material para Clases\\Ejemplos para GitHub\\PHPBachillerato\\Laravel\\EjemploAPILaravel\\v11\\vendor\\laravel\\framework\\src\\Illuminate\\Database\\Console\\Migrations\\MigrateCommand.php(140): Illuminate\\Database\\Console\\Migrations\\MigrateCommand->repositoryExists()
#20 E:\\MEGA\\Personal\\Documentos\\Material para Clases\\Ejemplos para GitHub\\PHPBachillerato\\Laravel\\EjemploAPILaravel\\v11\\vendor\\laravel\\framework\\src\\Illuminate\\Database\\Console\\Migrations\\MigrateCommand.php(110): Illuminate\\Database\\Console\\Migrations\\MigrateCommand->prepareDatabase()
#21 E:\\MEGA\\Personal\\Documentos\\Material para Clases\\Ejemplos para GitHub\\PHPBachillerato\\Laravel\\EjemploAPILaravel\\v11\\vendor\\laravel\\framework\\src\\Illuminate\\Database\\Migrations\\Migrator.php(622): Illuminate\\Database\\Console\\Migrations\\MigrateCommand->Illuminate\\Database\\Console\\Migrations\\{closure}()
#22 E:\\MEGA\\Personal\\Documentos\\Material para Clases\\Ejemplos para GitHub\\PHPBachillerato\\Laravel\\EjemploAPILaravel\\v11\\vendor\\laravel\\framework\\src\\Illuminate\\Database\\Console\\Migrations\\MigrateCommand.php(109): Illuminate\\Database\\Migrations\\Migrator->usingConnection(NULL, Object(Closure))
#23 E:\\MEGA\\Personal\\Documentos\\Material para Clases\\Ejemplos para GitHub\\PHPBachillerato\\Laravel\\EjemploAPILaravel\\v11\\vendor\\laravel\\framework\\src\\Illuminate\\Database\\Console\\Migrations\\MigrateCommand.php(88): Illuminate\\Database\\Console\\Migrations\\MigrateCommand->runMigrations()
#24 E:\\MEGA\\Personal\\Documentos\\Material para Clases\\Ejemplos para GitHub\\PHPBachillerato\\Laravel\\EjemploAPILaravel\\v11\\vendor\\laravel\\framework\\src\\Illuminate\\Container\\BoundMethod.php(36): Illuminate\\Database\\Console\\Migrations\\MigrateCommand->handle()
#25 E:\\MEGA\\Personal\\Documentos\\Material para Clases\\Ejemplos para GitHub\\PHPBachillerato\\Laravel\\EjemploAPILaravel\\v11\\vendor\\laravel\\framework\\src\\Illuminate\\Container\\Util.php(41): Illuminate\\Container\\BoundMethod::Illuminate\\Container\\{closure}()
#26 E:\\MEGA\\Personal\\Documentos\\Material para Clases\\Ejemplos para GitHub\\PHPBachillerato\\Laravel\\EjemploAPILaravel\\v11\\vendor\\laravel\\framework\\src\\Illuminate\\Container\\BoundMethod.php(93): Illuminate\\Container\\Util::unwrapIfClosure(Object(Closure))
#27 E:\\MEGA\\Personal\\Documentos\\Material para Clases\\Ejemplos para GitHub\\PHPBachillerato\\Laravel\\EjemploAPILaravel\\v11\\vendor\\laravel\\framework\\src\\Illuminate\\Container\\BoundMethod.php(35): Illuminate\\Container\\BoundMethod::callBoundMethod(Object(Illuminate\\Foundation\\Application), Array, Object(Closure))
#28 E:\\MEGA\\Personal\\Documentos\\Material para Clases\\Ejemplos para GitHub\\PHPBachillerato\\Laravel\\EjemploAPILaravel\\v11\\vendor\\laravel\\framework\\src\\Illuminate\\Container\\Container.php(662): Illuminate\\Container\\BoundMethod::call(Object(Illuminate\\Foundation\\Application), Array, Array, NULL)
#29 E:\\MEGA\\Personal\\Documentos\\Material para Clases\\Ejemplos para GitHub\\PHPBachillerato\\Laravel\\EjemploAPILaravel\\v11\\vendor\\laravel\\framework\\src\\Illuminate\\Console\\Command.php(212): Illuminate\\Container\\Container->call(Array)
#30 E:\\MEGA\\Personal\\Documentos\\Material para Clases\\Ejemplos para GitHub\\PHPBachillerato\\Laravel\\EjemploAPILaravel\\v11\\vendor\\symfony\\console\\Command\\Command.php(279): Illuminate\\Console\\Command->execute(Object(Symfony\\Component\\Console\\Input\\ArgvInput), Object(Illuminate\\Console\\OutputStyle))
#31 E:\\MEGA\\Personal\\Documentos\\Material para Clases\\Ejemplos para GitHub\\PHPBachillerato\\Laravel\\EjemploAPILaravel\\v11\\vendor\\laravel\\framework\\src\\Illuminate\\Console\\Command.php(181): Symfony\\Component\\Console\\Command\\Command->run(Object(Symfony\\Component\\Console\\Input\\ArgvInput), Object(Illuminate\\Console\\OutputStyle))
#32 E:\\MEGA\\Personal\\Documentos\\Material para Clases\\Ejemplos para GitHub\\PHPBachillerato\\Laravel\\EjemploAPILaravel\\v11\\vendor\\symfony\\console\\Application.php(1049): Illuminate\\Console\\Command->run(Object(Symfony\\Component\\Console\\Input\\ArgvInput), Object(Symfony\\Component\\Console\\Output\\ConsoleOutput))
#33 E:\\MEGA\\Personal\\Documentos\\Material para Clases\\Ejemplos para GitHub\\PHPBachillerato\\Laravel\\EjemploAPILaravel\\v11\\vendor\\symfony\\console\\Application.php(318): Symfony\\Component\\Console\\Application->doRunCommand(Object(Illuminate\\Database\\Console\\Migrations\\MigrateCommand), Object(Symfony\\Component\\Console\\Input\\ArgvInput), Object(Symfony\\Component\\Console\\Output\\ConsoleOutput))
#34 E:\\MEGA\\Personal\\Documentos\\Material para Clases\\Ejemplos para GitHub\\PHPBachillerato\\Laravel\\EjemploAPILaravel\\v11\\vendor\\symfony\\console\\Application.php(169): Symfony\\Component\\Console\\Application->doRun(Object(Symfony\\Component\\Console\\Input\\ArgvInput), Object(Symfony\\Component\\Console\\Output\\ConsoleOutput))
#35 E:\\MEGA\\Personal\\Documentos\\Material para Clases\\Ejemplos para GitHub\\PHPBachillerato\\Laravel\\EjemploAPILaravel\\v11\\vendor\\laravel\\framework\\src\\Illuminate\\Foundation\\Console\\Kernel.php(196): Symfony\\Component\\Console\\Application->run(Object(Symfony\\Component\\Console\\Input\\ArgvInput), Object(Symfony\\Component\\Console\\Output\\ConsoleOutput))
#36 E:\\MEGA\\Personal\\Documentos\\Material para Clases\\Ejemplos para GitHub\\PHPBachillerato\\Laravel\\EjemploAPILaravel\\v11\\vendor\\laravel\\framework\\src\\Illuminate\\Foundation\\Application.php(1183): Illuminate\\Foundation\\Console\\Kernel->handle(Object(Symfony\\Component\\Console\\Input\\ArgvInput), Object(Symfony\\Component\\Console\\Output\\ConsoleOutput))
#37 E:\\MEGA\\Personal\\Documentos\\Material para Clases\\Ejemplos para GitHub\\PHPBachillerato\\Laravel\\EjemploAPILaravel\\v11\\artisan(13): Illuminate\\Foundation\\Application->handleCommand(Object(Symfony\\Component\\Console\\Input\\ArgvInput))
#38 {main}
"} 
